*** Using Compiler 'V5.06 update 7 (build 960)', folder: 'D:\Program Files\keil_MDK\ARM\ARMCC\Bin'
Build target 'DARTS_V1.0'
compiling spi.c...
Error: C9555E: Failed to check out a license.LICENSE ERROR (R207(3): REGISTRY READ ERROR)

Check that your license details are correct in the License Management dialog of MDK. Additional information is available at:
 http://www.keil.com/support/man/docs/license/license_management.htm
 If you need further help, provide this complete error report to your supplier or license.support@arm.com.
 - ARMLMD_LICENSE_FILE: unset
 - LM_LICENSE_FILE: unset
 - ARM_TOOL_VARIANT: unset
 - ARM_PRODUCT_PATH: unset
 - Product location: D:\Program Files\keil_MDK\ARM\sw\mappings
 - Toolchain location: D:\Program Files\keil_MDK\ARM\ARMCC\Bin
 - Selected tool variant: mdk_std
 - Checkout feature: LIC0=KA...-.....-.....
 - Feature version: 5.0202006
 - Keil error code: 1
Product: MDK Plus 5.36
Component: ARM Compiler 5.06 update 7 (build 960)
Tool: ArmCC [4d365d]
compiling freertos.c...
Error: C9555E: Failed to check out a license.LICENSE ERROR (R207(3): REGISTRY READ ERROR)

Check that your license details are correct in the License Management dialog of MDK. Additional information is available at:
 http://www.keil.com/support/man/docs/license/license_management.htm
 If you need further help, provide this complete error report to your supplier or license.support@arm.com.
 - ARMLMD_LICENSE_FILE: unset
 - LM_LICENSE_FILE: unset
 - ARM_TOOL_VARIANT: unset
 - ARM_PRODUCT_PATH: unset
 - Product location: D:\Program Files\keil_MDK\ARM\sw\mappings
 - Toolchain location: D:\Program Files\keil_MDK\ARM\ARMCC\Bin
 - Selected tool variant: mdk_std
 - Checkout feature: LIC0=KA...-.....-.....
 - Feature version: 5.0202006
 - Keil error code: 1
Product: MDK Plus 5.36
Component: ARM Compiler 5.06 update 7 (build 960)
Tool: ArmCC [4d365d]
compiling stm32f4xx_it.c...
Error: C9555E: Failed to check out a license.LICENSE ERROR (R207(3): REGISTRY READ ERROR)

Check that your license details are correct in the License Management dialog of MDK. Additional information is available at:
 http://www.keil.com/support/man/docs/license/license_management.htm
 If you need further help, provide this complete error report to your supplier or license.support@arm.com.
 - ARMLMD_LICENSE_FILE: unset
 - LM_LICENSE_FILE: unset
 - ARM_TOOL_VARIANT: unset
 - ARM_PRODUCT_PATH: unset
 - Product location: D:\Program Files\keil_MDK\ARM\sw\mappings
 - Toolchain location: D:\Program Files\keil_MDK\ARM\ARMCC\Bin
 - Selected tool variant: mdk_std
 - Checkout feature: LIC0=KA...-.....-.....
 - Feature version: 5.0202006
 - Keil error code: 1
Product: MDK Plus 5.36
Component: ARM Compiler 5.06 update 7 (build 960)
Tool: ArmCC [4d365d]
compiling stm32f4xx_hal_timebase_tim.c...
Error: C9555E: Failed to check out a license.LICENSE ERROR (R207(3): REGISTRY READ ERROR)

Check that your license details are correct in the License Management dialog of MDK. Additional information is available at:
 http://www.keil.com/support/man/docs/license/license_management.htm
 If you need further help, provide this complete error report to your supplier or license.support@arm.com.
 - ARMLMD_LICENSE_FILE: unset
 - LM_LICENSE_FILE: unset
 - ARM_TOOL_VARIANT: unset
 - ARM_PRODUCT_PATH: unset
 - Product location: D:\Program Files\keil_MDK\ARM\sw\mappings
 - Toolchain location: D:\Program Files\keil_MDK\ARM\ARMCC\Bin
 - Selected tool variant: mdk_std
 - Checkout feature: LIC0=KA...-.....-.....
 - Feature version: 5.0202006
 - Keil error code: 1
Product: MDK Plus 5.36
Component: ARM Compiler 5.06 update 7 (build 960)
Tool: ArmCC [4d365d]
compiling stm32f4xx_hal_can.c...
Error: C9555E: Failed to check out a license.LICENSE ERROR (R207(3): REGISTRY READ ERROR)

Check that your license details are correct in the License Management dialog of MDK. Additional information is available at:
 http://www.keil.com/support/man/docs/license/license_management.htm
 If you need further help, provide this complete error report to your supplier or license.support@arm.com.
 - ARMLMD_LICENSE_FILE: unset
 - LM_LICENSE_FILE: unset
 - ARM_TOOL_VARIANT: unset
 - ARM_PRODUCT_PATH: unset
 - Product location: D:\Program Files\keil_MDK\ARM\sw\mappings
 - Toolchain location: D:\Program Files\keil_MDK\ARM\ARMCC\Bin
 - Selected tool variant: mdk_std
 - Checkout feature: LIC0=KA...-.....-.....
 - Feature version: 5.0202006
 - Keil error code: 1
Product: MDK Plus 5.36
Component: ARM Compiler 5.06 update 7 (build 960)
Tool: ArmCC [4d365d]
compiling stm32f4xx_hal_msp.c...
Error: C9555E: Failed to check out a license.LICENSE ERROR (R207(3): REGISTRY READ ERROR)

Check that your license details are correct in the License Management dialog of MDK. Additional information is available at:
 http://www.keil.com/support/man/docs/license/license_management.htm
 If you need further help, provide this complete error report to your supplier or license.support@arm.com.
 - ARMLMD_LICENSE_FILE: unset
 - LM_LICENSE_FILE: unset
 - ARM_TOOL_VARIANT: unset
 - ARM_PRODUCT_PATH: unset
 - Product location: D:\Program Files\keil_MDK\ARM\sw\mappings
 - Toolchain location: D:\Program Files\keil_MDK\ARM\ARMCC\Bin
 - Selected tool variant: mdk_std
 - Checkout feature: LIC0=KA...-.....-.....
 - Feature version: 5.0202006
 - Keil error code: 1
Product: MDK Plus 5.36
Component: ARM Compiler 5.06 update 7 (build 960)
Tool: ArmCC [4d365d]
compiling stm32f4xx_hal_rcc.c...
Error: C9555E: Failed to check out a license.LICENSE ERROR (R207(3): REGISTRY READ ERROR)

Check that your license details are correct in the License Management dialog of MDK. Additional information is available at:
 http://www.keil.com/support/man/docs/license/license_management.htm
 If you need further help, provide this complete error report to your supplier or license.support@arm.com.
 - ARMLMD_LICENSE_FILE: unset
 - LM_LICENSE_FILE: unset
 - ARM_TOOL_VARIANT: unset
 - ARM_PRODUCT_PATH: unset
 - Product location: D:\Program Files\keil_MDK\ARM\sw\mappings
 - Toolchain location: D:\Program Files\keil_MDK\ARM\ARMCC\Bin
 - Selected tool variant: mdk_std
 - Checkout feature: LIC0=KA...-.....-.....
 - Feature version: 5.0202006
 - Keil error code: 1
Product: MDK Plus 5.36
Component: ARM Compiler 5.06 update 7 (build 960)
Tool: ArmCC [4d365d]
compiling main.c...
Error: C9555E: Failed to check out a license.LICENSE ERROR (R207(3): REGISTRY READ ERROR)

Check that your license details are correct in the License Management dialog of MDK. Additional information is available at:
 http://www.keil.com/support/man/docs/license/license_management.htm
 If you need further help, provide this complete error report to your supplier or license.support@arm.com.
 - ARMLMD_LICENSE_FILE: unset
 - LM_LICENSE_FILE: unset
 - ARM_TOOL_VARIANT: unset
 - ARM_PRODUCT_PATH: unset
 - Product location: D:\Program Files\keil_MDK\ARM\sw\mappings
 - Toolchain location: D:\Program Files\keil_MDK\ARM\ARMCC\Bin
 - Selected tool variant: mdk_std
 - Checkout feature: LIC0=KA...-.....-.....
 - Feature version: 5.0202006
 - Keil error code: 1
Product: MDK Plus 5.36
Component: ARM Compiler 5.06 update 7 (build 960)
Tool: ArmCC [4d365d]
assembling startup_stm32f427xx.s...
startup_stm32f427xx.s: Error: A9555E: Failed to check out a license.LICENSE ERROR (R207(3): REGISTRY READ ERROR)
startup_stm32f427xx.s: startup_stm32f427xx.s: Check that your license details are correct in the License Management dialog of MDK. Additional information is available at:startup_stm32f427xx.s:  http://www.keil.com/support/man/docs/license/license_management.htmstartup_stm32f427xx.s:  If you need further help, provide this complete error report to your supplier or license.support@arm.com.startup_stm32f427xx.s:  - ARMLMD_LICENSE_FILE: unsetstartup_stm32f427xx.s:  - LM_LICENSE_FILE: unsetstartup_stm32f427xx.s:  - ARM_TOOL_VARIANT: unsetstartup_stm32f427xx.s:  - ARM_PRODUCT_PATH: unsetstartup_stm32f427xx.s:  - Product location: D:\Program Files\keil_MDK\ARM\sw\mappingsstartup_stm32f427xx.s:  - Toolchain location: D:\Program Files\keil_MDK\ARM\ARMCC\Binstartup_stm32f427xx.s:  - Selected tool variant: mdk_stdstartup_stm32f427xx.s:  - Checkout feature: LIC0=KA...-.....-.....startup_stm32f427xx.s:  - Feature version: 5.0202006startup_stm32f427xx.s:  - Keil error code: 1startup_stm32f427xx.s: Product: MDK Plus 5.36startup_stm32f427xx.s: Component: ARM Compiler 5.06 update 7 (build 960)startup_stm32f427xx.s: Tool: ArmAsm [4d35fa]compiling stm32f4xx_hal_flash.c...
Error: C9555E: Failed to check out a license.LICENSE ERROR (R207(3): REGISTRY READ ERROR)

Check that your license details are correct in the License Management dialog of MDK. Additional information is available at:
 http://www.keil.com/support/man/docs/license/license_management.htm
 If you need further help, provide this complete error report to your supplier or license.support@arm.com.
 - ARMLMD_LICENSE_FILE: unset
 - LM_LICENSE_FILE: unset
 - ARM_TOOL_VARIANT: unset
 - ARM_PRODUCT_PATH: unset
 - Product location: D:\Program Files\keil_MDK\ARM\sw\mappings
 - Toolchain location: D:\Program Files\keil_MDK\ARM\ARMCC\Bin
 - Selected tool variant: mdk_std
 - Checkout feature: LIC0=KA...-.....-.....
 - Feature version: 5.0202006
 - Keil error code: 1
Product: MDK Plus 5.36
Component: ARM Compiler 5.06 update 7 (build 960)
Tool: ArmCC [4d365d]
compiling stm32f4xx_hal_rcc_ex.c...
Error: C9555E: Failed to check out a license.LICENSE ERROR (R207(3): REGISTRY READ ERROR)

Check that your license details are correct in the License Management dialog of MDK. Additional information is available at:
 http://www.keil.com/support/man/docs/license/license_management.htm
 If you need further help, provide this complete error report to your supplier or license.support@arm.com.
 - ARMLMD_LICENSE_FILE: unset
 - LM_LICENSE_FILE: unset
 - ARM_TOOL_VARIANT: unset
 - ARM_PRODUCT_PATH: unset
 - Product location: D:\Program Files\keil_MDK\ARM\sw\mappings
 - Toolchain location: D:\Program Files\keil_MDK\ARM\ARMCC\Bin
 - Selected tool variant: mdk_std
 - Checkout feature: LIC0=KA...-.....-.....
 - Feature version: 5.0202006
 - Keil error code: 1
Product: MDK Plus 5.36
Component: ARM Compiler 5.06 update 7 (build 960)
Tool: ArmCC [4d365d]
compiling dma.c...
Error: C9555E: Failed to check out a license.LICENSE ERROR (R207(3): REGISTRY READ ERROR)

Check that your license details are correct in the License Management dialog of MDK. Additional information is available at:
 http://www.keil.com/support/man/docs/license/license_management.htm
 If you need further help, provide this complete error report to your supplier or license.support@arm.com.
 - ARMLMD_LICENSE_FILE: unset
 - LM_LICENSE_FILE: unset
 - ARM_TOOL_VARIANT: unset
 - ARM_PRODUCT_PATH: unset
 - Product location: D:\Program Files\keil_MDK\ARM\sw\mappings
 - Toolchain location: D:\Program Files\keil_MDK\ARM\ARMCC\Bin
 - Selected tool variant: mdk_std
 - Checkout feature: LIC0=KA...-.....-.....
 - Feature version: 5.0202006
 - Keil error code: 1
Product: MDK Plus 5.36
Component: ARM Compiler 5.06 update 7 (build 960)
Tool: ArmCC [4d365d]
compiling gpio.c...
Error: C9555E: Failed to check out a license.LICENSE ERROR (R207(3): REGISTRY READ ERROR)

Check that your license details are correct in the License Management dialog of MDK. Additional information is available at:
 http://www.keil.com/support/man/docs/license/license_management.htm
 If you need further help, provide this complete error report to your supplier or license.support@arm.com.
 - ARMLMD_LICENSE_FILE: unset
 - LM_LICENSE_FILE: unset
 - ARM_TOOL_VARIANT: unset
 - ARM_PRODUCT_PATH: unset
 - Product location: D:\Program Files\keil_MDK\ARM\sw\mappings
 - Toolchain location: D:\Program Files\keil_MDK\ARM\ARMCC\Bin
 - Selected tool variant: mdk_std
 - Checkout feature: LIC0=KA...-.....-.....
 - Feature version: 5.0202006
 - Keil error code: 1
Product: MDK Plus 5.36
Component: ARM Compiler 5.06 update 7 (build 960)
Tool: ArmCC [4d365d]
compiling usart.c...
Error: C9555E: Failed to check out a license.LICENSE ERROR (R207(3): REGISTRY READ ERROR)

Check that your license details are correct in the License Management dialog of MDK. Additional information is available at:
 http://www.keil.com/support/man/docs/license/license_management.htm
 If you need further help, provide this complete error report to your supplier or license.support@arm.com.
 - ARMLMD_LICENSE_FILE: unset
 - LM_LICENSE_FILE: unset
 - ARM_TOOL_VARIANT: unset
 - ARM_PRODUCT_PATH: unset
 - Product location: D:\Program Files\keil_MDK\ARM\sw\mappings
 - Toolchain location: D:\Program Files\keil_MDK\ARM\ARMCC\Bin
 - Selected tool variant: mdk_std
 - Checkout feature: LIC0=KA...-.....-.....
 - Feature version: 5.0202006
 - Keil error code: 1
Product: MDK Plus 5.36
Component: ARM Compiler 5.06 update 7 (build 960)
Tool: ArmCC [4d365d]
compiling can.c...
Error: C9555E: Failed to check out a license.LICENSE ERROR (R207(3): REGISTRY READ ERROR)

Check that your license details are correct in the License Management dialog of MDK. Additional information is available at:
 http://www.keil.com/support/man/docs/license/license_management.htm
 If you need further help, provide this complete error report to your supplier or license.support@arm.com.
 - ARMLMD_LICENSE_FILE: unset
 - LM_LICENSE_FILE: unset
 - ARM_TOOL_VARIANT: unset
 - ARM_PRODUCT_PATH: unset
 - Product location: D:\Program Files\keil_MDK\ARM\sw\mappings
 - Toolchain location: D:\Program Files\keil_MDK\ARM\ARMCC\Bin
 - Selected tool variant: mdk_std
 - Checkout feature: LIC0=KA...-.....-.....
 - Feature version: 5.0202006
 - Keil error code: 1
Product: MDK Plus 5.36
Component: ARM Compiler 5.06 update 7 (build 960)
Tool: ArmCC [4d365d]
compiling stm32f4xx_hal_flash_ex.c...
Error: C9555E: Failed to check out a license.LICENSE ERROR (R207(3): REGISTRY READ ERROR)

Check that your license details are correct in the License Management dialog of MDK. Additional information is available at:
 http://www.keil.com/support/man/docs/license/license_management.htm
 If you need further help, provide this complete error report to your supplier or license.support@arm.com.
 - ARMLMD_LICENSE_FILE: unset
 - LM_LICENSE_FILE: unset
 - ARM_TOOL_VARIANT: unset
 - ARM_PRODUCT_PATH: unset
 - Product location: D:\Program Files\keil_MDK\ARM\sw\mappings
 - Toolchain location: D:\Program Files\keil_MDK\ARM\ARMCC\Bin
 - Selected tool variant: mdk_std
 - Checkout feature: LIC0=KA...-.....-.....
 - Feature version: 5.0202006
 - Keil error code: 1
Product: MDK Plus 5.36
Component: ARM Compiler 5.06 update 7 (build 960)
Tool: ArmCC [4d365d]
compiling stm32f4xx_hal_flash_ramfunc.c...
Error: C9555E: Failed to check out a license.LICENSE ERROR (R207(3): REGISTRY READ ERROR)

Check that your license details are correct in the License Management dialog of MDK. Additional information is available at:
 http://www.keil.com/support/man/docs/license/license_management.htm
 If you need further help, provide this complete error report to your supplier or license.support@arm.com.
 - ARMLMD_LICENSE_FILE: unset
 - LM_LICENSE_FILE: unset
 - ARM_TOOL_VARIANT: unset
 - ARM_PRODUCT_PATH: unset
 - Product location: D:\Program Files\keil_MDK\ARM\sw\mappings
 - Toolchain location: D:\Program Files\keil_MDK\ARM\ARMCC\Bin
 - Selected tool variant: mdk_std
 - Checkout feature: LIC0=KA...-.....-.....
 - Feature version: 5.0202006
 - Keil error code: 1
Product: MDK Plus 5.36
Component: ARM Compiler 5.06 update 7 (build 960)
Tool: ArmCC [4d365d]
compiling stm32f4xx_hal_gpio.c...
Error: C9555E: Failed to check out a license.LICENSE ERROR (R207(3): REGISTRY READ ERROR)

Check that your license details are correct in the License Management dialog of MDK. Additional information is available at:
 http://www.keil.com/support/man/docs/license/license_management.htm
 If you need further help, provide this complete error report to your supplier or license.support@arm.com.
 - ARMLMD_LICENSE_FILE: unset
 - LM_LICENSE_FILE: unset
 - ARM_TOOL_VARIANT: unset
 - ARM_PRODUCT_PATH: unset
 - Product location: D:\Program Files\keil_MDK\ARM\sw\mappings
 - Toolchain location: D:\Program Files\keil_MDK\ARM\ARMCC\Bin
 - Selected tool variant: mdk_std
 - Checkout feature: LIC0=KA...-.....-.....
 - Feature version: 5.0202006
 - Keil error code: 1
Product: MDK Plus 5.36
Component: ARM Compiler 5.06 update 7 (build 960)
Tool: ArmCC [4d365d]
compiling stm32f4xx_hal_dma_ex.c...
Error: C9555E: Failed to check out a license.LICENSE ERROR (R207(3): REGISTRY READ ERROR)

Check that your license details are correct in the License Management dialog of MDK. Additional information is available at:
 http://www.keil.com/support/man/docs/license/license_management.htm
 If you need further help, provide this complete error report to your supplier or license.support@arm.com.
 - ARMLMD_LICENSE_FILE: unset
 - LM_LICENSE_FILE: unset
 - ARM_TOOL_VARIANT: unset
 - ARM_PRODUCT_PATH: unset
 - Product location: D:\Program Files\keil_MDK\ARM\sw\mappings
 - Toolchain location: D:\Program Files\keil_MDK\ARM\ARMCC\Bin
 - Selected tool variant: mdk_std
 - Checkout feature: LIC0=KA...-.....-.....
 - Feature version: 5.0202006
 - Keil error code: 1
Product: MDK Plus 5.36
Component: ARM Compiler 5.06 update 7 (build 960)
Tool: ArmCC [4d365d]
compiling stm32f4xx_hal_dma.c...
Error: C9555E: Failed to check out a license.LICENSE ERROR (R207(3): REGISTRY READ ERROR)

Check that your license details are correct in the License Management dialog of MDK. Additional information is available at:
 http://www.keil.com/support/man/docs/license/license_management.htm
 If you need further help, provide this complete error report to your supplier or license.support@arm.com.
 - ARMLMD_LICENSE_FILE: unset
 - LM_LICENSE_FILE: unset
 - ARM_TOOL_VARIANT: unset
 - ARM_PRODUCT_PATH: unset
 - Product location: D:\Program Files\keil_MDK\ARM\sw\mappings
 - Toolchain location: D:\Program Files\keil_MDK\ARM\ARMCC\Bin
 - Selected tool variant: mdk_std
 - Checkout feature: LIC0=KA...-.....-.....
 - Feature version: 5.0202006
 - Keil error code: 1
Product: MDK Plus 5.36
Component: ARM Compiler 5.06 update 7 (build 960)
Tool: ArmCC [4d365d]
compiling stm32f4xx_hal_pwr.c...
Error: C9555E: Failed to check out a license.LICENSE ERROR (R207(3): REGISTRY READ ERROR)

Check that your license details are correct in the License Management dialog of MDK. Additional information is available at:
 http://www.keil.com/support/man/docs/license/license_management.htm
 If you need further help, provide this complete error report to your supplier or license.support@arm.com.
 - ARMLMD_LICENSE_FILE: unset
 - LM_LICENSE_FILE: unset
 - ARM_TOOL_VARIANT: unset
 - ARM_PRODUCT_PATH: unset
 - Product location: D:\Program Files\keil_MDK\ARM\sw\mappings
 - Toolchain location: D:\Program Files\keil_MDK\ARM\ARMCC\Bin
 - Selected tool variant: mdk_std
 - Checkout feature: LIC0=KA...-.....-.....
 - Feature version: 5.0202006
 - Keil error code: 1
Product: MDK Plus 5.36
Component: ARM Compiler 5.06 update 7 (build 960)
Tool: ArmCC [4d365d]
compiling stm32f4xx_hal_pwr_ex.c...
Error: C9555E: Failed to check out a license.LICENSE ERROR (R207(3): REGISTRY READ ERROR)

Check that your license details are correct in the License Management dialog of MDK. Additional information is available at:
 http://www.keil.com/support/man/docs/license/license_management.htm
 If you need further help, provide this complete error report to your supplier or license.support@arm.com.
 - ARMLMD_LICENSE_FILE: unset
 - LM_LICENSE_FILE: unset
 - ARM_TOOL_VARIANT: unset
 - ARM_PRODUCT_PATH: unset
 - Product location: D:\Program Files\keil_MDK\ARM\sw\mappings
 - Toolchain location: D:\Program Files\keil_MDK\ARM\ARMCC\Bin
 - Selected tool variant: mdk_std
 - Checkout feature: LIC0=KA...-.....-.....
 - Feature version: 5.0202006
 - Keil error code: 1
Product: MDK Plus 5.36
Component: ARM Compiler 5.06 update 7 (build 960)
Tool: ArmCC [4d365d]
compiling stm32f4xx_hal_cortex.c...
Error: C9555E: Failed to check out a license.LICENSE ERROR (R207(3): REGISTRY READ ERROR)

Check that your license details are correct in the License Management dialog of MDK. Additional information is available at:
 http://www.keil.com/support/man/docs/license/license_management.htm
 If you need further help, provide this complete error report to your supplier or license.support@arm.com.
 - ARMLMD_LICENSE_FILE: unset
 - LM_LICENSE_FILE: unset
 - ARM_TOOL_VARIANT: unset
 - ARM_PRODUCT_PATH: unset
 - Product location: D:\Program Files\keil_MDK\ARM\sw\mappings
 - Toolchain location: D:\Program Files\keil_MDK\ARM\ARMCC\Bin
 - Selected tool variant: mdk_std
 - Checkout feature: LIC0=KA...-.....-.....
 - Feature version: 5.0202006
 - Keil error code: 1
Product: MDK Plus 5.36
Component: ARM Compiler 5.06 update 7 (build 960)
Tool: ArmCC [4d365d]
compiling stm32f4xx_hal.c...
Error: C9555E: Failed to check out a license.LICENSE ERROR (R207(3): REGISTRY READ ERROR)

Check that your license details are correct in the License Management dialog of MDK. Additional information is available at:
 http://www.keil.com/support/man/docs/license/license_management.htm
 If you need further help, provide this complete error report to your supplier or license.support@arm.com.
 - ARMLMD_LICENSE_FILE: unset
 - LM_LICENSE_FILE: unset
 - ARM_TOOL_VARIANT: unset
 - ARM_PRODUCT_PATH: unset
 - Product location: D:\Program Files\keil_MDK\ARM\sw\mappings
 - Toolchain location: D:\Program Files\keil_MDK\ARM\ARMCC\Bin
 - Selected tool variant: mdk_std
 - Checkout feature: LIC0=KA...-.....-.....
 - Feature version: 5.0202006
 - Keil error code: 1
Product: MDK Plus 5.36
Component: ARM Compiler 5.06 update 7 (build 960)
Tool: ArmCC [4d365d]
compiling stm32f4xx_hal_exti.c...
Error: C9555E: Failed to check out a license.LICENSE ERROR (R207(3): REGISTRY READ ERROR)

Check that your license details are correct in the License Management dialog of MDK. Additional information is available at:
 http://www.keil.com/support/man/docs/license/license_management.htm
 If you need further help, provide this complete error report to your supplier or license.support@arm.com.
 - ARMLMD_LICENSE_FILE: unset
 - LM_LICENSE_FILE: unset
 - ARM_TOOL_VARIANT: unset
 - ARM_PRODUCT_PATH: unset
 - Product location: D:\Program Files\keil_MDK\ARM\sw\mappings
 - Toolchain location: D:\Program Files\keil_MDK\ARM\ARMCC\Bin
 - Selected tool variant: mdk_std
 - Checkout feature: LIC0=KA...-.....-.....
 - Feature version: 5.0202006
 - Keil error code: 1
Product: MDK Plus 5.36
Component: ARM Compiler 5.06 update 7 (build 960)
Tool: ArmCC [4d365d]
compiling stm32f4xx_hal_spi.c...
Error: C9555E: Failed to check out a license.LICENSE ERROR (R207(3): REGISTRY READ ERROR)

Check that your license details are correct in the License Management dialog of MDK. Additional information is available at:
 http://www.keil.com/support/man/docs/license/license_management.htm
 If you need further help, provide this complete error report to your supplier or license.support@arm.com.
 - ARMLMD_LICENSE_FILE: unset
 - LM_LICENSE_FILE: unset
 - ARM_TOOL_VARIANT: unset
 - ARM_PRODUCT_PATH: unset
 - Product location: D:\Program Files\keil_MDK\ARM\sw\mappings
 - Toolchain location: D:\Program Files\keil_MDK\ARM\ARMCC\Bin
 - Selected tool variant: mdk_std
 - Checkout feature: LIC0=KA...-.....-.....
 - Feature version: 5.0202006
 - Keil error code: 1
Product: MDK Plus 5.36
Component: ARM Compiler 5.06 update 7 (build 960)
Tool: ArmCC [4d365d]
compiling stm32f4xx_hal_tim.c...
Error: C9555E: Failed to check out a license.LICENSE ERROR (R207(3): REGISTRY READ ERROR)

Check that your license details are correct in the License Management dialog of MDK. Additional information is available at:
 http://www.keil.com/support/man/docs/license/license_management.htm
 If you need further help, provide this complete error report to your supplier or license.support@arm.com.
 - ARMLMD_LICENSE_FILE: unset
 - LM_LICENSE_FILE: unset
 - ARM_TOOL_VARIANT: unset
 - ARM_PRODUCT_PATH: unset
 - Product location: D:\Program Files\keil_MDK\ARM\sw\mappings
 - Toolchain location: D:\Program Files\keil_MDK\ARM\ARMCC\Bin
 - Selected tool variant: mdk_std
 - Checkout feature: LIC0=KA...-.....-.....
 - Feature version: 5.0202006
 - Keil error code: 1
Product: MDK Plus 5.36
Component: ARM Compiler 5.06 update 7 (build 960)
Tool: ArmCC [4d365d]
compiling stm32f4xx_hal_tim_ex.c...
Error: C9555E: Failed to check out a license.LICENSE ERROR (R207(3): REGISTRY READ ERROR)

Check that your license details are correct in the License Management dialog of MDK. Additional information is available at:
 http://www.keil.com/support/man/docs/license/license_management.htm
 If you need further help, provide this complete error report to your supplier or license.support@arm.com.
 - ARMLMD_LICENSE_FILE: unset
 - LM_LICENSE_FILE: unset
 - ARM_TOOL_VARIANT: unset
 - ARM_PRODUCT_PATH: unset
 - Product location: D:\Program Files\keil_MDK\ARM\sw\mappings
 - Toolchain location: D:\Program Files\keil_MDK\ARM\ARMCC\Bin
 - Selected tool variant: mdk_std
 - Checkout feature: LIC0=KA...-.....-.....
 - Feature version: 5.0202006
 - Keil error code: 1
Product: MDK Plus 5.36
Component: ARM Compiler 5.06 update 7 (build 960)
Tool: ArmCC [4d365d]
compiling stm32f4xx_hal_uart.c...
Error: C9555E: Failed to check out a license.LICENSE ERROR (R207(3): REGISTRY READ ERROR)

Check that your license details are correct in the License Management dialog of MDK. Additional information is available at:
 http://www.keil.com/support/man/docs/license/license_management.htm
 If you need further help, provide this complete error report to your supplier or license.support@arm.com.
 - ARMLMD_LICENSE_FILE: unset
 - LM_LICENSE_FILE: unset
 - ARM_TOOL_VARIANT: unset
 - ARM_PRODUCT_PATH: unset
 - Product location: D:\Program Files\keil_MDK\ARM\sw\mappings
 - Toolchain location: D:\Program Files\keil_MDK\ARM\ARMCC\Bin
 - Selected tool variant: mdk_std
 - Checkout feature: LIC0=KA...-.....-.....
 - Feature version: 5.0202006
 - Keil error code: 1
Product: MDK Plus 5.36
Component: ARM Compiler 5.06 update 7 (build 960)
Tool: ArmCC [4d365d]
compiling system_stm32f4xx.c...
Error: C9555E: Failed to check out a license.LICENSE ERROR (R207(3): REGISTRY READ ERROR)

Check that your license details are correct in the License Management dialog of MDK. Additional information is available at:
 http://www.keil.com/support/man/docs/license/license_management.htm
 If you need further help, provide this complete error report to your supplier or license.support@arm.com.
 - ARMLMD_LICENSE_FILE: unset
 - LM_LICENSE_FILE: unset
 - ARM_TOOL_VARIANT: unset
 - ARM_PRODUCT_PATH: unset
 - Product location: D:\Program Files\keil_MDK\ARM\sw\mappings
 - Toolchain location: D:\Program Files\keil_MDK\ARM\ARMCC\Bin
 - Selected tool variant: mdk_std
 - Checkout feature: LIC0=KA...-.....-.....
 - Feature version: 5.0202006
 - Keil error code: 1
Product: MDK Plus 5.36
Component: ARM Compiler 5.06 update 7 (build 960)
Tool: ArmCC [4d365d]
compiling croutine.c...
Error: C9555E: Failed to check out a license.LICENSE ERROR (R207(3): REGISTRY READ ERROR)

Check that your license details are correct in the License Management dialog of MDK. Additional information is available at:
 http://www.keil.com/support/man/docs/license/license_management.htm
 If you need further help, provide this complete error report to your supplier or license.support@arm.com.
 - ARMLMD_LICENSE_FILE: unset
 - LM_LICENSE_FILE: unset
 - ARM_TOOL_VARIANT: unset
 - ARM_PRODUCT_PATH: unset
 - Product location: D:\Program Files\keil_MDK\ARM\sw\mappings
 - Toolchain location: D:\Program Files\keil_MDK\ARM\ARMCC\Bin
 - Selected tool variant: mdk_std
 - Checkout feature: LIC0=KA...-.....-.....
 - Feature version: 5.0202006
 - Keil error code: 1
Product: MDK Plus 5.36
Component: ARM Compiler 5.06 update 7 (build 960)
Tool: ArmCC [4d365d]
compiling event_groups.c...
Error: C9555E: Failed to check out a license.LICENSE ERROR (R207(3): REGISTRY READ ERROR)

Check that your license details are correct in the License Management dialog of MDK. Additional information is available at:
 http://www.keil.com/support/man/docs/license/license_management.htm
 If you need further help, provide this complete error report to your supplier or license.support@arm.com.
 - ARMLMD_LICENSE_FILE: unset
 - LM_LICENSE_FILE: unset
 - ARM_TOOL_VARIANT: unset
 - ARM_PRODUCT_PATH: unset
 - Product location: D:\Program Files\keil_MDK\ARM\sw\mappings
 - Toolchain location: D:\Program Files\keil_MDK\ARM\ARMCC\Bin
 - Selected tool variant: mdk_std
 - Checkout feature: LIC0=KA...-.....-.....
 - Feature version: 5.0202006
 - Keil error code: 1
Product: MDK Plus 5.36
Component: ARM Compiler 5.06 update 7 (build 960)
Tool: ArmCC [4d365d]
compiling list.c...
Error: C9555E: Failed to check out a license.LICENSE ERROR (R207(3): REGISTRY READ ERROR)

Check that your license details are correct in the License Management dialog of MDK. Additional information is available at:
 http://www.keil.com/support/man/docs/license/license_management.htm
 If you need further help, provide this complete error report to your supplier or license.support@arm.com.
 - ARMLMD_LICENSE_FILE: unset
 - LM_LICENSE_FILE: unset
 - ARM_TOOL_VARIANT: unset
 - ARM_PRODUCT_PATH: unset
 - Product location: D:\Program Files\keil_MDK\ARM\sw\mappings
 - Toolchain location: D:\Program Files\keil_MDK\ARM\ARMCC\Bin
 - Selected tool variant: mdk_std
 - Checkout feature: LIC0=KA...-.....-.....
 - Feature version: 5.0202006
 - Keil error code: 1
Product: MDK Plus 5.36
Component: ARM Compiler 5.06 update 7 (build 960)
Tool: ArmCC [4d365d]
compiling queue.c...
Error: C9555E: Failed to check out a license.LICENSE ERROR (R207(3): REGISTRY READ ERROR)

Check that your license details are correct in the License Management dialog of MDK. Additional information is available at:
 http://www.keil.com/support/man/docs/license/license_management.htm
 If you need further help, provide this complete error report to your supplier or license.support@arm.com.
 - ARMLMD_LICENSE_FILE: unset
 - LM_LICENSE_FILE: unset
 - ARM_TOOL_VARIANT: unset
 - ARM_PRODUCT_PATH: unset
 - Product location: D:\Program Files\keil_MDK\ARM\sw\mappings
 - Toolchain location: D:\Program Files\keil_MDK\ARM\ARMCC\Bin
 - Selected tool variant: mdk_std
 - Checkout feature: LIC0=KA...-.....-.....
 - Feature version: 5.0202006
 - Keil error code: 1
Product: MDK Plus 5.36
Component: ARM Compiler 5.06 update 7 (build 960)
Tool: ArmCC [4d365d]
compiling stream_buffer.c...
Error: C9555E: Failed to check out a license.LICENSE ERROR (R207(3): REGISTRY READ ERROR)

Check that your license details are correct in the License Management dialog of MDK. Additional information is available at:
 http://www.keil.com/support/man/docs/license/license_management.htm
 If you need further help, provide this complete error report to your supplier or license.support@arm.com.
 - ARMLMD_LICENSE_FILE: unset
 - LM_LICENSE_FILE: unset
 - ARM_TOOL_VARIANT: unset
 - ARM_PRODUCT_PATH: unset
 - Product location: D:\Program Files\keil_MDK\ARM\sw\mappings
 - Toolchain location: D:\Program Files\keil_MDK\ARM\ARMCC\Bin
 - Selected tool variant: mdk_std
 - Checkout feature: LIC0=KA...-.....-.....
 - Feature version: 5.0202006
 - Keil error code: 1
Product: MDK Plus 5.36
Component: ARM Compiler 5.06 update 7 (build 960)
Tool: ArmCC [4d365d]
compiling tasks.c...
Error: C9555E: Failed to check out a license.LICENSE ERROR (R207(3): REGISTRY READ ERROR)

Check that your license details are correct in the License Management dialog of MDK. Additional information is available at:
 http://www.keil.com/support/man/docs/license/license_management.htm
 If you need further help, provide this complete error report to your supplier or license.support@arm.com.
 - ARMLMD_LICENSE_FILE: unset
 - LM_LICENSE_FILE: unset
 - ARM_TOOL_VARIANT: unset
 - ARM_PRODUCT_PATH: unset
 - Product location: D:\Program Files\keil_MDK\ARM\sw\mappings
 - Toolchain location: D:\Program Files\keil_MDK\ARM\ARMCC\Bin
 - Selected tool variant: mdk_std
 - Checkout feature: LIC0=KA...-.....-.....
 - Feature version: 5.0202006
 - Keil error code: 1
Product: MDK Plus 5.36
Component: ARM Compiler 5.06 update 7 (build 960)
Tool: ArmCC [4d365d]
compiling timers.c...
Error: C9555E: Failed to check out a license.LICENSE ERROR (R207(3): REGISTRY READ ERROR)

Check that your license details are correct in the License Management dialog of MDK. Additional information is available at:
 http://www.keil.com/support/man/docs/license/license_management.htm
 If you need further help, provide this complete error report to your supplier or license.support@arm.com.
 - ARMLMD_LICENSE_FILE: unset
 - LM_LICENSE_FILE: unset
 - ARM_TOOL_VARIANT: unset
 - ARM_PRODUCT_PATH: unset
 - Product location: D:\Program Files\keil_MDK\ARM\sw\mappings
 - Toolchain location: D:\Program Files\keil_MDK\ARM\ARMCC\Bin
 - Selected tool variant: mdk_std
 - Checkout feature: LIC0=KA...-.....-.....
 - Feature version: 5.0202006
 - Keil error code: 1
Product: MDK Plus 5.36
Component: ARM Compiler 5.06 update 7 (build 960)
Tool: ArmCC [4d365d]
compiling cmsis_os.c...
Error: C9555E: Failed to check out a license.LICENSE ERROR (R207(3): REGISTRY READ ERROR)

Check that your license details are correct in the License Management dialog of MDK. Additional information is available at:
 http://www.keil.com/support/man/docs/license/license_management.htm
 If you need further help, provide this complete error report to your supplier or license.support@arm.com.
 - ARMLMD_LICENSE_FILE: unset
 - LM_LICENSE_FILE: unset
 - ARM_TOOL_VARIANT: unset
 - ARM_PRODUCT_PATH: unset
 - Product location: D:\Program Files\keil_MDK\ARM\sw\mappings
 - Toolchain location: D:\Program Files\keil_MDK\ARM\ARMCC\Bin
 - Selected tool variant: mdk_std
 - Checkout feature: LIC0=KA...-.....-.....
 - Feature version: 5.0202006
 - Keil error code: 1
Product: MDK Plus 5.36
Component: ARM Compiler 5.06 update 7 (build 960)
Tool: ArmCC [4d365d]
compiling heap_4.c...
Error: C9555E: Failed to check out a license.LICENSE ERROR (R207(3): REGISTRY READ ERROR)

Check that your license details are correct in the License Management dialog of MDK. Additional information is available at:
 http://www.keil.com/support/man/docs/license/license_management.htm
 If you need further help, provide this complete error report to your supplier or license.support@arm.com.
 - ARMLMD_LICENSE_FILE: unset
 - LM_LICENSE_FILE: unset
 - ARM_TOOL_VARIANT: unset
 - ARM_PRODUCT_PATH: unset
 - Product location: D:\Program Files\keil_MDK\ARM\sw\mappings
 - Toolchain location: D:\Program Files\keil_MDK\ARM\ARMCC\Bin
 - Selected tool variant: mdk_std
 - Checkout feature: LIC0=KA...-.....-.....
 - Feature version: 5.0202006
 - Keil error code: 1
Product: MDK Plus 5.36
Component: ARM Compiler 5.06 update 7 (build 960)
Tool: ArmCC [4d365d]
compiling port.c...
Error: C9555E: Failed to check out a license.LICENSE ERROR (R207(3): REGISTRY READ ERROR)

Check that your license details are correct in the License Management dialog of MDK. Additional information is available at:
 http://www.keil.com/support/man/docs/license/license_management.htm
 If you need further help, provide this complete error report to your supplier or license.support@arm.com.
 - ARMLMD_LICENSE_FILE: unset
 - LM_LICENSE_FILE: unset
 - ARM_TOOL_VARIANT: unset
 - ARM_PRODUCT_PATH: unset
 - Product location: D:\Program Files\keil_MDK\ARM\sw\mappings
 - Toolchain location: D:\Program Files\keil_MDK\ARM\ARMCC\Bin
 - Selected tool variant: mdk_std
 - Checkout feature: LIC0=KA...-.....-.....
 - Feature version: 5.0202006
 - Keil error code: 1
Product: MDK Plus 5.36
Component: ARM Compiler 5.06 update 7 (build 960)
Tool: ArmCC [4d365d]
compiling pid.c...
Error: C9555E: Failed to check out a license.LICENSE ERROR (R207(3): REGISTRY READ ERROR)

Check that your license details are correct in the License Management dialog of MDK. Additional information is available at:
 http://www.keil.com/support/man/docs/license/license_management.htm
 If you need further help, provide this complete error report to your supplier or license.support@arm.com.
 - ARMLMD_LICENSE_FILE: unset
 - LM_LICENSE_FILE: unset
 - ARM_TOOL_VARIANT: unset
 - ARM_PRODUCT_PATH: unset
 - Product location: D:\Program Files\keil_MDK\ARM\sw\mappings
 - Toolchain location: D:\Program Files\keil_MDK\ARM\ARMCC\Bin
 - Selected tool variant: mdk_std
 - Checkout feature: LIC0=KA...-.....-.....
 - Feature version: 5.0202006
 - Keil error code: 1
Product: MDK Plus 5.36
Component: ARM Compiler 5.06 update 7 (build 960)
Tool: ArmCC [4d365d]
compiling bsp_can.c...
Error: C9555E: Failed to check out a license.LICENSE ERROR (R207(3): REGISTRY READ ERROR)

Check that your license details are correct in the License Management dialog of MDK. Additional information is available at:
 http://www.keil.com/support/man/docs/license/license_management.htm
 If you need further help, provide this complete error report to your supplier or license.support@arm.com.
 - ARMLMD_LICENSE_FILE: unset
 - LM_LICENSE_FILE: unset
 - ARM_TOOL_VARIANT: unset
 - ARM_PRODUCT_PATH: unset
 - Product location: D:\Program Files\keil_MDK\ARM\sw\mappings
 - Toolchain location: D:\Program Files\keil_MDK\ARM\ARMCC\Bin
 - Selected tool variant: mdk_std
 - Checkout feature: LIC0=KA...-.....-.....
 - Feature version: 5.0202006
 - Keil error code: 1
Product: MDK Plus 5.36
Component: ARM Compiler 5.06 update 7 (build 960)
Tool: ArmCC [4d365d]
compiling bsp_dubs.c...
Error: C9555E: Failed to check out a license.LICENSE ERROR (R207(3): REGISTRY READ ERROR)

Check that your license details are correct in the License Management dialog of MDK. Additional information is available at:
 http://www.keil.com/support/man/docs/license/license_management.htm
 If you need further help, provide this complete error report to your supplier or license.support@arm.com.
 - ARMLMD_LICENSE_FILE: unset
 - LM_LICENSE_FILE: unset
 - ARM_TOOL_VARIANT: unset
 - ARM_PRODUCT_PATH: unset
 - Product location: D:\Program Files\keil_MDK\ARM\sw\mappings
 - Toolchain location: D:\Program Files\keil_MDK\ARM\ARMCC\Bin
 - Selected tool variant: mdk_std
 - Checkout feature: LIC0=KA...-.....-.....
 - Feature version: 5.0202006
 - Keil error code: 1
Product: MDK Plus 5.36
Component: ARM Compiler 5.06 update 7 (build 960)
Tool: ArmCC [4d365d]
compiling bsp_usart.c...
Error: C9555E: Failed to check out a license.LICENSE ERROR (R207(3): REGISTRY READ ERROR)

Check that your license details are correct in the License Management dialog of MDK. Additional information is available at:
 http://www.keil.com/support/man/docs/license/license_management.htm
 If you need further help, provide this complete error report to your supplier or license.support@arm.com.
 - ARMLMD_LICENSE_FILE: unset
 - LM_LICENSE_FILE: unset
 - ARM_TOOL_VARIANT: unset
 - ARM_PRODUCT_PATH: unset
 - Product location: D:\Program Files\keil_MDK\ARM\sw\mappings
 - Toolchain location: D:\Program Files\keil_MDK\ARM\ARMCC\Bin
 - Selected tool variant: mdk_std
 - Checkout feature: LIC0=KA...-.....-.....
 - Feature version: 5.0202006
 - Keil error code: 1
Product: MDK Plus 5.36
Component: ARM Compiler 5.06 update 7 (build 960)
Tool: ArmCC [4d365d]
compiling bsp_io.c...
Error: C9555E: Failed to check out a license.LICENSE ERROR (R207(3): REGISTRY READ ERROR)

Check that your license details are correct in the License Management dialog of MDK. Additional information is available at:
 http://www.keil.com/support/man/docs/license/license_management.htm
 If you need further help, provide this complete error report to your supplier or license.support@arm.com.
 - ARMLMD_LICENSE_FILE: unset
 - LM_LICENSE_FILE: unset
 - ARM_TOOL_VARIANT: unset
 - ARM_PRODUCT_PATH: unset
 - Product location: D:\Program Files\keil_MDK\ARM\sw\mappings
 - Toolchain location: D:\Program Files\keil_MDK\ARM\ARMCC\Bin
 - Selected tool variant: mdk_std
 - Checkout feature: LIC0=KA...-.....-.....
 - Feature version: 5.0202006
 - Keil error code: 1
Product: MDK Plus 5.36
Component: ARM Compiler 5.06 update 7 (build 960)
Tool: ArmCC [4d365d]
compiling bsp_flash.c...
Error: C9555E: Failed to check out a license.LICENSE ERROR (R207(3): REGISTRY READ ERROR)

Check that your license details are correct in the License Management dialog of MDK. Additional information is available at:
 http://www.keil.com/support/man/docs/license/license_management.htm
 If you need further help, provide this complete error report to your supplier or license.support@arm.com.
 - ARMLMD_LICENSE_FILE: unset
 - LM_LICENSE_FILE: unset
 - ARM_TOOL_VARIANT: unset
 - ARM_PRODUCT_PATH: unset
 - Product location: D:\Program Files\keil_MDK\ARM\sw\mappings
 - Toolchain location: D:\Program Files\keil_MDK\ARM\ARMCC\Bin
 - Selected tool variant: mdk_std
 - Checkout feature: LIC0=KA...-.....-.....
 - Feature version: 5.0202006
 - Keil error code: 1
Product: MDK Plus 5.36
Component: ARM Compiler 5.06 update 7 (build 960)
Tool: ArmCC [4d365d]
compiling oled.c...
Error: C9555E: Failed to check out a license.LICENSE ERROR (R207(3): REGISTRY READ ERROR)

Check that your license details are correct in the License Management dialog of MDK. Additional information is available at:
 http://www.keil.com/support/man/docs/license/license_management.htm
 If you need further help, provide this complete error report to your supplier or license.support@arm.com.
 - ARMLMD_LICENSE_FILE: unset
 - LM_LICENSE_FILE: unset
 - ARM_TOOL_VARIANT: unset
 - ARM_PRODUCT_PATH: unset
 - Product location: D:\Program Files\keil_MDK\ARM\sw\mappings
 - Toolchain location: D:\Program Files\keil_MDK\ARM\ARMCC\Bin
 - Selected tool variant: mdk_std
 - Checkout feature: LIC0=KA...-.....-.....
 - Feature version: 5.0202006
 - Keil error code: 1
Product: MDK Plus 5.36
Component: ARM Compiler 5.06 update 7 (build 960)
Tool: ArmCC [4d365d]
compiling bsp_imu.c...
Error: C9555E: Failed to check out a license.LICENSE ERROR (R207(3): REGISTRY READ ERROR)

Check that your license details are correct in the License Management dialog of MDK. Additional information is available at:
 http://www.keil.com/support/man/docs/license/license_management.htm
 If you need further help, provide this complete error report to your supplier or license.support@arm.com.
 - ARMLMD_LICENSE_FILE: unset
 - LM_LICENSE_FILE: unset
 - ARM_TOOL_VARIANT: unset
 - ARM_PRODUCT_PATH: unset
 - Product location: D:\Program Files\keil_MDK\ARM\sw\mappings
 - Toolchain location: D:\Program Files\keil_MDK\ARM\ARMCC\Bin
 - Selected tool variant: mdk_std
 - Checkout feature: LIC0=KA...-.....-.....
 - Feature version: 5.0202006
 - Keil error code: 1
Product: MDK Plus 5.36
Component: ARM Compiler 5.06 update 7 (build 960)
Tool: ArmCC [4d365d]
compiling bsp_dwt.c...
Error: C9555E: Failed to check out a license.LICENSE ERROR (R207(3): REGISTRY READ ERROR)

Check that your license details are correct in the License Management dialog of MDK. Additional information is available at:
 http://www.keil.com/support/man/docs/license/license_management.htm
 If you need further help, provide this complete error report to your supplier or license.support@arm.com.
 - ARMLMD_LICENSE_FILE: unset
 - LM_LICENSE_FILE: unset
 - ARM_TOOL_VARIANT: unset
 - ARM_PRODUCT_PATH: unset
 - Product location: D:\Program Files\keil_MDK\ARM\sw\mappings
 - Toolchain location: D:\Program Files\keil_MDK\ARM\ARMCC\Bin
 - Selected tool variant: mdk_std
 - Checkout feature: LIC0=KA...-.....-.....
 - Feature version: 5.0202006
 - Keil error code: 1
Product: MDK Plus 5.36
Component: ARM Compiler 5.06 update 7 (build 960)
Tool: ArmCC [4d365d]
compiling chassis_behavior.c...
Error: C9555E: Failed to check out a license.LICENSE ERROR (R207(3): REGISTRY READ ERROR)

Check that your license details are correct in the License Management dialog of MDK. Additional information is available at:
 http://www.keil.com/support/man/docs/license/license_management.htm
 If you need further help, provide this complete error report to your supplier or license.support@arm.com.
 - ARMLMD_LICENSE_FILE: unset
 - LM_LICENSE_FILE: unset
 - ARM_TOOL_VARIANT: unset
 - ARM_PRODUCT_PATH: unset
 - Product location: D:\Program Files\keil_MDK\ARM\sw\mappings
 - Toolchain location: D:\Program Files\keil_MDK\ARM\ARMCC\Bin
 - Selected tool variant: mdk_std
 - Checkout feature: LIC0=KA...-.....-.....
 - Feature version: 5.0202006
 - Keil error code: 1
Product: MDK Plus 5.36
Component: ARM Compiler 5.06 update 7 (build 960)
Tool: ArmCC [4d365d]
compiling chassis_control.c...
Error: C9555E: Failed to check out a license.LICENSE ERROR (R207(3): REGISTRY READ ERROR)

Check that your license details are correct in the License Management dialog of MDK. Additional information is available at:
 http://www.keil.com/support/man/docs/license/license_management.htm
 If you need further help, provide this complete error report to your supplier or license.support@arm.com.
 - ARMLMD_LICENSE_FILE: unset
 - LM_LICENSE_FILE: unset
 - ARM_TOOL_VARIANT: unset
 - ARM_PRODUCT_PATH: unset
 - Product location: D:\Program Files\keil_MDK\ARM\sw\mappings
 - Toolchain location: D:\Program Files\keil_MDK\ARM\ARMCC\Bin
 - Selected tool variant: mdk_std
 - Checkout feature: LIC0=KA...-.....-.....
 - Feature version: 5.0202006
 - Keil error code: 1
Product: MDK Plus 5.36
Component: ARM Compiler 5.06 update 7 (build 960)
Tool: ArmCC [4d365d]
compiling debugTask.c...
Error: C9555E: Failed to check out a license.LICENSE ERROR (R207(3): REGISTRY READ ERROR)

Check that your license details are correct in the License Management dialog of MDK. Additional information is available at:
 http://www.keil.com/support/man/docs/license/license_management.htm
 If you need further help, provide this complete error report to your supplier or license.support@arm.com.
 - ARMLMD_LICENSE_FILE: unset
 - LM_LICENSE_FILE: unset
 - ARM_TOOL_VARIANT: unset
 - ARM_PRODUCT_PATH: unset
 - Product location: D:\Program Files\keil_MDK\ARM\sw\mappings
 - Toolchain location: D:\Program Files\keil_MDK\ARM\ARMCC\Bin
 - Selected tool variant: mdk_std
 - Checkout feature: LIC0=KA...-.....-.....
 - Feature version: 5.0202006
 - Keil error code: 1
Product: MDK Plus 5.36
Component: ARM Compiler 5.06 update 7 (build 960)
Tool: ArmCC [4d365d]
compiling motorTask.c...
Error: C9555E: Failed to check out a license.LICENSE ERROR (R207(3): REGISTRY READ ERROR)

Check that your license details are correct in the License Management dialog of MDK. Additional information is available at:
 http://www.keil.com/support/man/docs/license/license_management.htm
 If you need further help, provide this complete error report to your supplier or license.support@arm.com.
 - ARMLMD_LICENSE_FILE: unset
 - LM_LICENSE_FILE: unset
 - ARM_TOOL_VARIANT: unset
 - ARM_PRODUCT_PATH: unset
 - Product location: D:\Program Files\keil_MDK\ARM\sw\mappings
 - Toolchain location: D:\Program Files\keil_MDK\ARM\ARMCC\Bin
 - Selected tool variant: mdk_std
 - Checkout feature: LIC0=KA...-.....-.....
 - Feature version: 5.0202006
 - Keil error code: 1
Product: MDK Plus 5.36
Component: ARM Compiler 5.06 update 7 (build 960)
Tool: ArmCC [4d365d]
compiling delay.c...
Error: C9555E: Failed to check out a license.LICENSE ERROR (R207(3): REGISTRY READ ERROR)

Check that your license details are correct in the License Management dialog of MDK. Additional information is available at:
 http://www.keil.com/support/man/docs/license/license_management.htm
 If you need further help, provide this complete error report to your supplier or license.support@arm.com.
 - ARMLMD_LICENSE_FILE: unset
 - LM_LICENSE_FILE: unset
 - ARM_TOOL_VARIANT: unset
 - ARM_PRODUCT_PATH: unset
 - Product location: D:\Program Files\keil_MDK\ARM\sw\mappings
 - Toolchain location: D:\Program Files\keil_MDK\ARM\ARMCC\Bin
 - Selected tool variant: mdk_std
 - Checkout feature: LIC0=KA...-.....-.....
 - Feature version: 5.0202006
 - Keil error code: 1
Product: MDK Plus 5.36
Component: ARM Compiler 5.06 update 7 (build 960)
Tool: ArmCC [4d365d]
compiling STMGood.c...
Error: C9555E: Failed to check out a license.LICENSE ERROR (R207(3): REGISTRY READ ERROR)

Check that your license details are correct in the License Management dialog of MDK. Additional information is available at:
 http://www.keil.com/support/man/docs/license/license_management.htm
 If you need further help, provide this complete error report to your supplier or license.support@arm.com.
 - ARMLMD_LICENSE_FILE: unset
 - LM_LICENSE_FILE: unset
 - ARM_TOOL_VARIANT: unset
 - ARM_PRODUCT_PATH: unset
 - Product location: D:\Program Files\keil_MDK\ARM\sw\mappings
 - Toolchain location: D:\Program Files\keil_MDK\ARM\ARMCC\Bin
 - Selected tool variant: mdk_std
 - Checkout feature: LIC0=KA...-.....-.....
 - Feature version: 5.0202006
 - Keil error code: 1
Product: MDK Plus 5.36
Component: ARM Compiler 5.06 update 7 (build 960)
Tool: ArmCC [4d365d]
compiling crc.c...
Error: C9555E: Failed to check out a license.LICENSE ERROR (R207(3): REGISTRY READ ERROR)

Check that your license details are correct in the License Management dialog of MDK. Additional information is available at:
 http://www.keil.com/support/man/docs/license/license_management.htm
 If you need further help, provide this complete error report to your supplier or license.support@arm.com.
 - ARMLMD_LICENSE_FILE: unset
 - LM_LICENSE_FILE: unset
 - ARM_TOOL_VARIANT: unset
 - ARM_PRODUCT_PATH: unset
 - Product location: D:\Program Files\keil_MDK\ARM\sw\mappings
 - Toolchain location: D:\Program Files\keil_MDK\ARM\ARMCC\Bin
 - Selected tool variant: mdk_std
 - Checkout feature: LIC0=KA...-.....-.....
 - Feature version: 5.0202006
 - Keil error code: 1
Product: MDK Plus 5.36
Component: ARM Compiler 5.06 update 7 (build 960)
Tool: ArmCC [4d365d]
compiling judge.c...
Error: C9555E: Failed to check out a license.LICENSE ERROR (R207(3): REGISTRY READ ERROR)

Check that your license details are correct in the License Management dialog of MDK. Additional information is available at:
 http://www.keil.com/support/man/docs/license/license_management.htm
 If you need further help, provide this complete error report to your supplier or license.support@arm.com.
 - ARMLMD_LICENSE_FILE: unset
 - LM_LICENSE_FILE: unset
 - ARM_TOOL_VARIANT: unset
 - ARM_PRODUCT_PATH: unset
 - Product location: D:\Program Files\keil_MDK\ARM\sw\mappings
 - Toolchain location: D:\Program Files\keil_MDK\ARM\ARMCC\Bin
 - Selected tool variant: mdk_std
 - Checkout feature: LIC0=KA...-.....-.....
 - Feature version: 5.0202006
 - Keil error code: 1
Product: MDK Plus 5.36
Component: ARM Compiler 5.06 update 7 (build 960)
Tool: ArmCC [4d365d]
"DARTS_V1.0\DARTS_V1.0" - 57 Error(s), 0 Warning(s).
Target not created.
Build Time Elapsed:  00:00:03
